CRITICAL - 2023-10-20 05:39:47 --> Invalid file: "/.php"
in SYSTEMPATH\Exceptions\FrameworkException.php on line 39.
 1 SYSTEMPATH\View\View.php(214): CodeIgniter\Exceptions\FrameworkException::forInvalidFile('/.php')
 2 SYSTEMPATH\Common.php(1188): CodeIgniter\View\View->render('/', [], true)
 3 APPPATH\Controllers\SignupController.php(18): view('/', [...])
 4 SYSTEMPATH\CodeIgniter.php(919): App\Controllers\SignupController->validation()
 5 SYSTEMPATH\CodeIgniter.php(494): CodeIgniter\CodeIgniter->runController(Object(App\Controllers\SignupController))
 6 SYSTEMPATH\CodeIgniter.php(353): CodeIgniter\CodeIgniter->handleRequest(null, Object(Config\Cache), false)
 7 FCPATH\index.php(79): CodeIgniter\CodeIgniter->run()
 8 SYSTEMPATH\Commands\Server\rewrite.php(47): require_once('C:\\xampp\\htdocs\\codeigniter\\public\\index.php')
CRITICAL - 2023-10-20 06:01:48 --> Call to undefined function display_error()
in APPPATH\Views\forms\index.php on line 122.
 1 SYSTEMPATH\View\View.php(226): include()
 2 SYSTEMPATH\View\View.php(229): CodeIgniter\View\View->CodeIgniter\View\{closure}()
 3 SYSTEMPATH\Common.php(1188): CodeIgniter\View\View->render('forms/index.php', [], true)
 4 APPPATH\Controllers\SignupController.php(26): view('forms/index.php', [...])
 5 SYSTEMPATH\CodeIgniter.php(919): App\Controllers\SignupController->validation()
 6 SYSTEMPATH\CodeIgniter.php(494): CodeIgniter\CodeIgniter->runController(Object(App\Controllers\SignupController))
 7 SYSTEMPATH\CodeIgniter.php(353): CodeIgniter\CodeIgniter->handleRequest(null, Object(Config\Cache), false)
 8 FCPATH\index.php(79): CodeIgniter\CodeIgniter->run()
 9 SYSTEMPATH\Commands\Server\rewrite.php(47): require_once('C:\\xampp\\htdocs\\codeigniter\\public\\index.php')
CRITICAL - 2023-10-20 06:03:23 --> Call to undefined function display_error()
in APPPATH\Views\forms\index.php on line 122.
 1 SYSTEMPATH\View\View.php(226): include()
 2 SYSTEMPATH\View\View.php(229): CodeIgniter\View\View->CodeIgniter\View\{closure}()
 3 SYSTEMPATH\Common.php(1188): CodeIgniter\View\View->render('forms/index.php', [], true)
 4 APPPATH\Controllers\SignupController.php(26): view('forms/index.php', [...])
 5 SYSTEMPATH\CodeIgniter.php(919): App\Controllers\SignupController->validation()
 6 SYSTEMPATH\CodeIgniter.php(494): CodeIgniter\CodeIgniter->runController(Object(App\Controllers\SignupController))
 7 SYSTEMPATH\CodeIgniter.php(353): CodeIgniter\CodeIgniter->handleRequest(null, Object(Config\Cache), false)
 8 FCPATH\index.php(79): CodeIgniter\CodeIgniter->run()
 9 SYSTEMPATH\Commands\Server\rewrite.php(47): require_once('C:\\xampp\\htdocs\\codeigniter\\public\\index.php')
CRITICAL - 2023-10-20 06:14:58 --> Undefined variable $token
in APPPATH\Views\forms\confirmemail.php on line 372.
 1 APPPATH\Views\forms\confirmemail.php(372): CodeIgniter\Debug\Exceptions->errorHandler(2, 'Undefined variable $token', 'C:\\xampp\\htdocs\\codeigniter\\app\\Views\\forms\\confirmemail.php', 372)
 2 SYSTEMPATH\View\View.php(226): include('C:\\xampp\\htdocs\\codeigniter\\app\\Views\\forms\\confirmemail.php')
 3 SYSTEMPATH\View\View.php(229): CodeIgniter\View\View->CodeIgniter\View\{closure}()
 4 SYSTEMPATH\Common.php(1188): CodeIgniter\View\View->render('forms/confirmemail.php', [], true)
 5 APPPATH\Controllers\SignupController.php(14): view('forms/confirmemail.php')
 6 SYSTEMPATH\CodeIgniter.php(919): App\Controllers\SignupController->index()
 7 SYSTEMPATH\CodeIgniter.php(494): CodeIgniter\CodeIgniter->runController(Object(App\Controllers\SignupController))
 8 SYSTEMPATH\CodeIgniter.php(353): CodeIgniter\CodeIgniter->handleRequest(null, Object(Config\Cache), false)
 9 FCPATH\index.php(79): CodeIgniter\CodeIgniter->run()
10 SYSTEMPATH\Commands\Server\rewrite.php(47): require_once('C:\\xampp\\htdocs\\codeigniter\\public\\index.php')
CRITICAL - 2023-10-20 06:15:36 --> Undefined variable $token
in APPPATH\Views\forms\confirmemail.php on line 372.
 1 APPPATH\Views\forms\confirmemail.php(372): CodeIgniter\Debug\Exceptions->errorHandler(2, 'Undefined variable $token', 'C:\\xampp\\htdocs\\codeigniter\\app\\Views\\forms\\confirmemail.php', 372)
 2 SYSTEMPATH\View\View.php(226): include('C:\\xampp\\htdocs\\codeigniter\\app\\Views\\forms\\confirmemail.php')
 3 SYSTEMPATH\View\View.php(229): CodeIgniter\View\View->CodeIgniter\View\{closure}()
 4 SYSTEMPATH\Common.php(1188): CodeIgniter\View\View->render('forms/confirmemail.php', [], true)
 5 APPPATH\Controllers\SignupController.php(14): view('forms/confirmemail.php')
 6 SYSTEMPATH\CodeIgniter.php(919): App\Controllers\SignupController->index()
 7 SYSTEMPATH\CodeIgniter.php(494): CodeIgniter\CodeIgniter->runController(Object(App\Controllers\SignupController))
 8 SYSTEMPATH\CodeIgniter.php(353): CodeIgniter\CodeIgniter->handleRequest(null, Object(Config\Cache), false)
 9 FCPATH\index.php(79): CodeIgniter\CodeIgniter->run()
10 SYSTEMPATH\Commands\Server\rewrite.php(47): require_once('C:\\xampp\\htdocs\\codeigniter\\public\\index.php')
CRITICAL - 2023-10-20 06:15:39 --> Undefined variable $token
in APPPATH\Views\forms\confirmemail.php on line 372.
 1 APPPATH\Views\forms\confirmemail.php(372): CodeIgniter\Debug\Exceptions->errorHandler(2, 'Undefined variable $token', 'C:\\xampp\\htdocs\\codeigniter\\app\\Views\\forms\\confirmemail.php', 372)
 2 SYSTEMPATH\View\View.php(226): include('C:\\xampp\\htdocs\\codeigniter\\app\\Views\\forms\\confirmemail.php')
 3 SYSTEMPATH\View\View.php(229): CodeIgniter\View\View->CodeIgniter\View\{closure}()
 4 SYSTEMPATH\Common.php(1188): CodeIgniter\View\View->render('forms/confirmemail.php', [], true)
 5 APPPATH\Controllers\SignupController.php(14): view('forms/confirmemail.php')
 6 SYSTEMPATH\CodeIgniter.php(919): App\Controllers\SignupController->index()
 7 SYSTEMPATH\CodeIgniter.php(494): CodeIgniter\CodeIgniter->runController(Object(App\Controllers\SignupController))
 8 SYSTEMPATH\CodeIgniter.php(353): CodeIgniter\CodeIgniter->handleRequest(null, Object(Config\Cache), false)
 9 FCPATH\index.php(79): CodeIgniter\CodeIgniter->run()
10 SYSTEMPATH\Commands\Server\rewrite.php(47): require_once('C:\\xampp\\htdocs\\codeigniter\\public\\index.php')
CRITICAL - 2023-10-20 06:58:14 --> "required|min_length" is not a valid rule.
in SYSTEMPATH\Validation\Validation.php on line 317.
 1 SYSTEMPATH\Validation\Validation.php(317): CodeIgniter\Validation\Exceptions\ValidationException::forRuleNotFound('required|min_length')
 2 SYSTEMPATH\Validation\Validation.php(195): CodeIgniter\Validation\Validation->processRules('confirmpswd', 'confirmpswd', '', [...], [...])
 3 SYSTEMPATH\Controller.php(150): CodeIgniter\Validation\Validation->run()
 4 APPPATH\Controllers\SignupController.php(19): CodeIgniter\Controller->validate([...])
 5 SYSTEMPATH\CodeIgniter.php(919): App\Controllers\SignupController->validation()
 6 SYSTEMPATH\CodeIgniter.php(494): CodeIgniter\CodeIgniter->runController(Object(App\Controllers\SignupController))
 7 SYSTEMPATH\CodeIgniter.php(353): CodeIgniter\CodeIgniter->handleRequest(null, Object(Config\Cache), false)
 8 FCPATH\index.php(79): CodeIgniter\CodeIgniter->run()
 9 SYSTEMPATH\Commands\Server\rewrite.php(47): require_once('C:\\xampp\\htdocs\\codeigniter\\public\\index.php')
ERROR - 2023-10-20 07:04:18 --> mysqli_sql_exception: Unknown column 'signemail' in 'where clause' in C:\xampp\htdocs\codeigniter\system\Database\MySQLi\Connection.php:306
Stack trace:
#0 C:\xampp\htdocs\codeigniter\system\Database\MySQLi\Connection.php(306): mysqli->query('SELECT 1\nFROM `...', 0)
#1 C:\xampp\htdocs\codeigniter\system\Database\BaseConnection.php(692): CodeIgniter\Database\MySQLi\Connection->execute('SELECT 1\nFROM `...')
#2 C:\xampp\htdocs\codeigniter\system\Database\BaseConnection.php(606): CodeIgniter\Database\BaseConnection->simpleQuery('SELECT 1\nFROM `...')
#3 C:\xampp\htdocs\codeigniter\system\Database\BaseBuilder.php(1615): CodeIgniter\Database\BaseConnection->query('SELECT 1\nFROM `...', Array, false)
#4 C:\xampp\htdocs\codeigniter\system\Validation\StrictRules\Rules.php(206): CodeIgniter\Database\BaseBuilder->get()
#5 C:\xampp\htdocs\codeigniter\system\Validation\Validation.php(309): CodeIgniter\Validation\StrictRules\Rules->is_unique('shahmeerbinshah...', 'signemail', Array, NULL, 'signemail')
#6 C:\xampp\htdocs\codeigniter\system\Validation\Validation.php(195): CodeIgniter\Validation\Validation->processRules('signemail', 'signemail', 'shahmeerbinshah...', Array, Array)
#7 C:\xampp\htdocs\codeigniter\system\Controller.php(150): CodeIgniter\Validation\Validation->run()
#8 C:\xampp\htdocs\codeigniter\app\Controllers\SignupController.php(19): CodeIgniter\Controller->validate(Array)
#9 C:\xampp\htdocs\codeigniter\system\CodeIgniter.php(919): App\Controllers\SignupController->validation()
#10 C:\xampp\htdocs\codeigniter\system\CodeIgniter.php(494): CodeIgniter\CodeIgniter->runController(Object(App\Controllers\SignupController))
#11 C:\xampp\htdocs\codeigniter\system\CodeIgniter.php(353): CodeIgniter\CodeIgniter->handleRequest(NULL, Object(Config\Cache), false)
#12 C:\xampp\htdocs\codeigniter\public\index.php(79): CodeIgniter\CodeIgniter->run()
#13 C:\xampp\htdocs\codeigniter\system\Commands\Server\rewrite.php(47): require_once('C:\\xampp\\htdocs...')
#14 {main}
CRITICAL - 2023-10-20 07:04:18 --> Unknown column 'signemail' in 'where clause'
in SYSTEMPATH\Database\BaseConnection.php on line 646.
 1 SYSTEMPATH\Database\BaseBuilder.php(1615): CodeIgniter\Database\BaseConnection->query('SELECT 1
FROM `users`
WHERE `signemail` = :signemail:
 LIMIT 1', [...], false)
 2 SYSTEMPATH\Validation\StrictRules\Rules.php(206): CodeIgniter\Database\BaseBuilder->get()
 3 SYSTEMPATH\Validation\Validation.php(309): CodeIgniter\Validation\StrictRules\Rules->is_unique('shahmeerbinshahzad@gmail.com', 'signemail', [...], null, 'signemail')
 4 SYSTEMPATH\Validation\Validation.php(195): CodeIgniter\Validation\Validation->processRules('signemail', 'signemail', 'shahmeerbinshahzad@gmail.com', [...], [...])
 5 SYSTEMPATH\Controller.php(150): CodeIgniter\Validation\Validation->run()
 6 APPPATH\Controllers\SignupController.php(19): CodeIgniter\Controller->validate([...])
 7 SYSTEMPATH\CodeIgniter.php(919): App\Controllers\SignupController->validation()
 8 SYSTEMPATH\CodeIgniter.php(494): CodeIgniter\CodeIgniter->runController(Object(App\Controllers\SignupController))
 9 SYSTEMPATH\CodeIgniter.php(353): CodeIgniter\CodeIgniter->handleRequest(null, Object(Config\Cache), false)
10 FCPATH\index.php(79): CodeIgniter\CodeIgniter->run()
11 SYSTEMPATH\Commands\Server\rewrite.php(47): require_once('C:\\xampp\\htdocs\\codeigniter\\public\\index.php')
CRITICAL - 2023-10-20 07:27:22 --> CodeIgniter\HTTP\Request::fetchGlobal(): Argument #3 ($filter) must be of type ?int, string given, called in C:\xampp\htdocs\codeigniter\system\HTTP\IncomingRequest.php on line 552
in SYSTEMPATH\HTTP\RequestTrait.php on line 244.
 1 SYSTEMPATH\HTTP\IncomingRequest.php(552): CodeIgniter\HTTP\Request->fetchGlobal('request', 'password_hash', '2y', null)
 2 APPPATH\Controllers\SignupController.php(59): CodeIgniter\HTTP\IncomingRequest->getVar('password_hash', '2y')
 3 SYSTEMPATH\CodeIgniter.php(919): App\Controllers\SignupController->validation()
 4 SYSTEMPATH\CodeIgniter.php(494): CodeIgniter\CodeIgniter->runController(Object(App\Controllers\SignupController))
 5 SYSTEMPATH\CodeIgniter.php(353): CodeIgniter\CodeIgniter->handleRequest(null, Object(Config\Cache), false)
 6 FCPATH\index.php(79): CodeIgniter\CodeIgniter->run()
 7 SYSTEMPATH\Commands\Server\rewrite.php(47): require_once('C:\\xampp\\htdocs\\codeigniter\\public\\index.php')
CRITICAL - 2023-10-20 07:30:10 --> Class "App\Models\UsersModel" not found
in APPPATH\Controllers\SignupController.php on line 67.
 1 SYSTEMPATH\CodeIgniter.php(919): App\Controllers\SignupController->validation()
 2 SYSTEMPATH\CodeIgniter.php(494): CodeIgniter\CodeIgniter->runController(Object(App\Controllers\SignupController))
 3 SYSTEMPATH\CodeIgniter.php(353): CodeIgniter\CodeIgniter->handleRequest(null, Object(Config\Cache), false)
 4 FCPATH\index.php(79): CodeIgniter\CodeIgniter->run()
 5 SYSTEMPATH\Commands\Server\rewrite.php(47): require_once('C:\\xampp\\htdocs\\codeigniter\\public\\index.php')
CRITICAL - 2023-10-20 07:32:23 --> Class "App\Models\UsersModel" not found
in APPPATH\Controllers\SignupController.php on line 67.
 1 SYSTEMPATH\CodeIgniter.php(919): App\Controllers\SignupController->validation()
 2 SYSTEMPATH\CodeIgniter.php(494): CodeIgniter\CodeIgniter->runController(Object(App\Controllers\SignupController))
 3 SYSTEMPATH\CodeIgniter.php(353): CodeIgniter\CodeIgniter->handleRequest(null, Object(Config\Cache), false)
 4 FCPATH\index.php(79): CodeIgniter\CodeIgniter->run()
 5 SYSTEMPATH\Commands\Server\rewrite.php(47): require_once('C:\\xampp\\htdocs\\codeigniter\\public\\index.php')
CRITICAL - 2023-10-20 07:33:18 --> Class "App\Controllers\App\Models\UsersModel" not found
in APPPATH\Controllers\SignupController.php on line 67.
 1 SYSTEMPATH\CodeIgniter.php(919): App\Controllers\SignupController->validation()
 2 SYSTEMPATH\CodeIgniter.php(494): CodeIgniter\CodeIgniter->runController(Object(App\Controllers\SignupController))
 3 SYSTEMPATH\CodeIgniter.php(353): CodeIgniter\CodeIgniter->handleRequest(null, Object(Config\Cache), false)
 4 FCPATH\index.php(79): CodeIgniter\CodeIgniter->run()
 5 SYSTEMPATH\Commands\Server\rewrite.php(47): require_once('C:\\xampp\\htdocs\\codeigniter\\public\\index.php')
CRITICAL - 2023-10-20 07:36:14 --> Class "App\Controllers\App\Models\UserModel" not found
in APPPATH\Controllers\SignupController.php on line 67.
 1 SYSTEMPATH\CodeIgniter.php(919): App\Controllers\SignupController->validation()
 2 SYSTEMPATH\CodeIgniter.php(494): CodeIgniter\CodeIgniter->runController(Object(App\Controllers\SignupController))
 3 SYSTEMPATH\CodeIgniter.php(353): CodeIgniter\CodeIgniter->handleRequest(null, Object(Config\Cache), false)
 4 FCPATH\index.php(79): CodeIgniter\CodeIgniter->run()
 5 SYSTEMPATH\Commands\Server\rewrite.php(47): require_once('C:\\xampp\\htdocs\\codeigniter\\public\\index.php')
CRITICAL - 2023-10-20 07:36:41 --> Class "App\Controllers\App\Models\UserModel" not found
in APPPATH\Controllers\SignupController.php on line 67.
 1 SYSTEMPATH\CodeIgniter.php(919): App\Controllers\SignupController->validation()
 2 SYSTEMPATH\CodeIgniter.php(494): CodeIgniter\CodeIgniter->runController(Object(App\Controllers\SignupController))
 3 SYSTEMPATH\CodeIgniter.php(353): CodeIgniter\CodeIgniter->handleRequest(null, Object(Config\Cache), false)
 4 FCPATH\index.php(79): CodeIgniter\CodeIgniter->run()
 5 SYSTEMPATH\Commands\Server\rewrite.php(47): require_once('C:\\xampp\\htdocs\\codeigniter\\public\\index.php')
INFO - 2023-10-20 07:37:17 --> Session: Class initialized using 'CodeIgniter\Session\Handlers\FileHandler' driver.
CRITICAL - 2023-10-20 07:56:54 --> Undefined variable $data
in APPPATH\Views\forms\index.php on line 151.
 1 APPPATH\Views\forms\index.php(151): CodeIgniter\Debug\Exceptions->errorHandler(2, 'Undefined variable $data', 'C:\\xampp\\htdocs\\codeigniter\\app\\Views\\forms\\index.php', 151)
 2 SYSTEMPATH\View\View.php(226): include('C:\\xampp\\htdocs\\codeigniter\\app\\Views\\forms\\index.php')
 3 SYSTEMPATH\View\View.php(229): CodeIgniter\View\View->CodeIgniter\View\{closure}()
 4 SYSTEMPATH\Common.php(1188): CodeIgniter\View\View->render('forms/index.php', [], true)
 5 APPPATH\Controllers\SignupController.php(14): view('forms/index.php')
 6 SYSTEMPATH\CodeIgniter.php(919): App\Controllers\SignupController->index()
 7 SYSTEMPATH\CodeIgniter.php(494): CodeIgniter\CodeIgniter->runController(Object(App\Controllers\SignupController))
 8 SYSTEMPATH\CodeIgniter.php(353): CodeIgniter\CodeIgniter->handleRequest(null, Object(Config\Cache), false)
 9 FCPATH\index.php(79): CodeIgniter\CodeIgniter->run()
10 SYSTEMPATH\Commands\Server\rewrite.php(47): require_once('C:\\xampp\\htdocs\\codeigniter\\public\\index.php')
CRITICAL - 2023-10-20 07:56:57 --> Undefined variable $data
in APPPATH\Views\forms\index.php on line 151.
 1 APPPATH\Views\forms\index.php(151): CodeIgniter\Debug\Exceptions->errorHandler(2, 'Undefined variable $data', 'C:\\xampp\\htdocs\\codeigniter\\app\\Views\\forms\\index.php', 151)
 2 SYSTEMPATH\View\View.php(226): include('C:\\xampp\\htdocs\\codeigniter\\app\\Views\\forms\\index.php')
 3 SYSTEMPATH\View\View.php(229): CodeIgniter\View\View->CodeIgniter\View\{closure}()
 4 SYSTEMPATH\Common.php(1188): CodeIgniter\View\View->render('forms/index.php', [], true)
 5 APPPATH\Controllers\SignupController.php(14): view('forms/index.php')
 6 SYSTEMPATH\CodeIgniter.php(919): App\Controllers\SignupController->index()
 7 SYSTEMPATH\CodeIgniter.php(494): CodeIgniter\CodeIgniter->runController(Object(App\Controllers\SignupController))
 8 SYSTEMPATH\CodeIgniter.php(353): CodeIgniter\CodeIgniter->handleRequest(null, Object(Config\Cache), false)
 9 FCPATH\index.php(79): CodeIgniter\CodeIgniter->run()
10 SYSTEMPATH\Commands\Server\rewrite.php(47): require_once('C:\\xampp\\htdocs\\codeigniter\\public\\index.php')
CRITICAL - 2023-10-20 08:02:27 --> Array to string conversion
in APPPATH\Views\forms\index.php on line 131.
 1 APPPATH\Views\forms\index.php(131): CodeIgniter\Debug\Exceptions->errorHandler(2, 'Array to string conversion', 'C:\\xampp\\htdocs\\codeigniter\\app\\Views\\forms\\index.php', 131)
 2 SYSTEMPATH\View\View.php(226): include('C:\\xampp\\htdocs\\codeigniter\\app\\Views\\forms\\index.php')
 3 SYSTEMPATH\View\View.php(229): CodeIgniter\View\View->CodeIgniter\View\{closure}()
 4 SYSTEMPATH\Common.php(1188): CodeIgniter\View\View->render('forms/index.php', [], true)
 5 APPPATH\Controllers\SignupController.php(53): view('forms/index.php', [...])
 6 SYSTEMPATH\CodeIgniter.php(919): App\Controllers\SignupController->validation()
 7 SYSTEMPATH\CodeIgniter.php(494): CodeIgniter\CodeIgniter->runController(Object(App\Controllers\SignupController))
 8 SYSTEMPATH\CodeIgniter.php(353): CodeIgniter\CodeIgniter->handleRequest(null, Object(Config\Cache), false)
 9 FCPATH\index.php(79): CodeIgniter\CodeIgniter->run()
10 SYSTEMPATH\Commands\Server\rewrite.php(47): require_once('C:\\xampp\\htdocs\\codeigniter\\public\\index.php')
INFO - 2023-10-20 09:38:29 --> Session: Class initialized using 'CodeIgniter\Session\Handlers\FileHandler' driver.
INFO - 2023-10-20 09:48:25 --> Session: Class initialized using 'CodeIgniter\Session\Handlers\FileHandler' driver.
INFO - 2023-10-20 09:52:53 --> Session: Class initialized using 'CodeIgniter\Session\Handlers\FileHandler' driver.
INFO - 2023-10-20 10:08:32 --> Session: Class initialized using 'CodeIgniter\Session\Handlers\FileHandler' driver.
INFO - 2023-10-20 10:12:27 --> Session: Class initialized using 'CodeIgniter\Session\Handlers\FileHandler' driver.
INFO - 2023-10-20 10:18:22 --> Session: Class initialized using 'CodeIgniter\Session\Handlers\FileHandler' driver.
INFO - 2023-10-20 10:24:18 --> Session: Class initialized using 'CodeIgniter\Session\Handlers\FileHandler' driver.
INFO - 2023-10-20 10:25:46 --> Session: Class initialized using 'CodeIgniter\Session\Handlers\FileHandler' driver.
INFO - 2023-10-20 10:28:17 --> Session: Class initialized using 'CodeIgniter\Session\Handlers\FileHandler' driver.
INFO - 2023-10-20 10:28:17 --> Session: Class initialized using 'CodeIgniter\Session\Handlers\FileHandler' driver.
INFO - 2023-10-20 10:29:47 --> Session: Class initialized using 'CodeIgniter\Session\Handlers\FileHandler' driver.
INFO - 2023-10-20 10:29:47 --> Session: Class initialized using 'CodeIgniter\Session\Handlers\FileHandler' driver.
INFO - 2023-10-20 10:31:59 --> Session: Class initialized using 'CodeIgniter\Session\Handlers\FileHandler' driver.
INFO - 2023-10-20 10:31:59 --> Session: Class initialized using 'CodeIgniter\Session\Handlers\FileHandler' driver.
CRITICAL - 2023-10-20 11:28:08 --> Invalid file: "/.php"
in SYSTEMPATH\Exceptions\FrameworkException.php on line 39.
 1 SYSTEMPATH\View\View.php(214): CodeIgniter\Exceptions\FrameworkException::forInvalidFile('/.php')
 2 SYSTEMPATH\Common.php(1188): CodeIgniter\View\View->render('/', [], true)
 3 APPPATH\Controllers\DashboardController.php(34): view('/', [...])
 4 SYSTEMPATH\CodeIgniter.php(919): App\Controllers\DashboardController->index()
 5 SYSTEMPATH\CodeIgniter.php(494): CodeIgniter\CodeIgniter->runController(Object(App\Controllers\DashboardController))
 6 SYSTEMPATH\CodeIgniter.php(353): CodeIgniter\CodeIgniter->handleRequest(null, Object(Config\Cache), false)
 7 FCPATH\index.php(79): CodeIgniter\CodeIgniter->run()
 8 SYSTEMPATH\Commands\Server\rewrite.php(47): require_once('C:\\xampp\\htdocs\\codeigniter\\public\\index.php')
CRITICAL - 2023-10-20 11:29:25 --> Invalid file: "/.php"
in SYSTEMPATH\Exceptions\FrameworkException.php on line 39.
 1 SYSTEMPATH\View\View.php(214): CodeIgniter\Exceptions\FrameworkException::forInvalidFile('/.php')
 2 SYSTEMPATH\Common.php(1188): CodeIgniter\View\View->render('/', [], true)
 3 APPPATH\Controllers\DashboardController.php(34): view('/', [...])
 4 SYSTEMPATH\CodeIgniter.php(919): App\Controllers\DashboardController->index()
 5 SYSTEMPATH\CodeIgniter.php(494): CodeIgniter\CodeIgniter->runController(Object(App\Controllers\DashboardController))
 6 SYSTEMPATH\CodeIgniter.php(353): CodeIgniter\CodeIgniter->handleRequest(null, Object(Config\Cache), false)
 7 FCPATH\index.php(79): CodeIgniter\CodeIgniter->run()
 8 SYSTEMPATH\Commands\Server\rewrite.php(47): require_once('C:\\xampp\\htdocs\\codeigniter\\public\\index.php')
CRITICAL - 2023-10-20 11:29:33 --> Invalid file: "/.php"
in SYSTEMPATH\Exceptions\FrameworkException.php on line 39.
 1 SYSTEMPATH\View\View.php(214): CodeIgniter\Exceptions\FrameworkException::forInvalidFile('/.php')
 2 SYSTEMPATH\Common.php(1188): CodeIgniter\View\View->render('/', [], true)
 3 APPPATH\Controllers\DashboardController.php(34): view('/', [...])
 4 SYSTEMPATH\CodeIgniter.php(919): App\Controllers\DashboardController->index()
 5 SYSTEMPATH\CodeIgniter.php(494): CodeIgniter\CodeIgniter->runController(Object(App\Controllers\DashboardController))
 6 SYSTEMPATH\CodeIgniter.php(353): CodeIgniter\CodeIgniter->handleRequest(null, Object(Config\Cache), false)
 7 FCPATH\index.php(79): CodeIgniter\CodeIgniter->run()
 8 SYSTEMPATH\Commands\Server\rewrite.php(47): require_once('C:\\xampp\\htdocs\\codeigniter\\public\\index.php')
INFO - 2023-10-20 11:39:52 --> Session: Class initialized using 'CodeIgniter\Session\Handlers\FileHandler' driver.
INFO - 2023-10-20 11:39:52 --> Session: Class initialized using 'CodeIgniter\Session\Handlers\FileHandler' driver.
CRITICAL - 2023-10-20 11:50:53 --> syntax error, unexpected token "echo", expecting ";"
in APPPATH\Controllers\DashboardController.php on line 38.
 1 SYSTEMPATH\Autoloader\Autoloader.php(285): CodeIgniter\Autoloader\Autoloader->includeFile('C:\\xampp\\htdocs\\codeigniter\\app\\Controllers\\DashboardController.php')
 2 SYSTEMPATH\Autoloader\Autoloader.php(263): CodeIgniter\Autoloader\Autoloader->loadInNamespace('App\\Controllers\\DashboardController')
 3 [internal function]: CodeIgniter\Autoloader\Autoloader->loadClass('App\\Controllers\\DashboardController')
 4 SYSTEMPATH\CodeIgniter.php(877): class_exists('\\App\\Controllers\\DashboardController', true)
 5 SYSTEMPATH\CodeIgniter.php(481): CodeIgniter\CodeIgniter->startController()
 6 SYSTEMPATH\CodeIgniter.php(353): CodeIgniter\CodeIgniter->handleRequest(null, Object(Config\Cache), false)
 7 FCPATH\index.php(79): CodeIgniter\CodeIgniter->run()
 8 SYSTEMPATH\Commands\Server\rewrite.php(47): require_once('C:\\xampp\\htdocs\\codeigniter\\public\\index.php')
CRITICAL - 2023-10-20 11:54:05 --> count(): Argument #1 ($value) must be of type Countable|array, App\Models\UserModel given
in APPPATH\Views\forms\dashboard.php on line 31.
 1 SYSTEMPATH\View\View.php(226): include()
 2 SYSTEMPATH\View\View.php(229): CodeIgniter\View\View->CodeIgniter\View\{closure}()
 3 SYSTEMPATH\Common.php(1188): CodeIgniter\View\View->render('forms/dashboard.php', [], true)
 4 APPPATH\Controllers\DashboardController.php(39): view('forms/dashboard.php', [...])
 5 SYSTEMPATH\CodeIgniter.php(919): App\Controllers\DashboardController->index()
 6 SYSTEMPATH\CodeIgniter.php(494): CodeIgniter\CodeIgniter->runController(Object(App\Controllers\DashboardController))
 7 SYSTEMPATH\CodeIgniter.php(353): CodeIgniter\CodeIgniter->handleRequest(null, Object(Config\Cache), false)
 8 FCPATH\index.php(79): CodeIgniter\CodeIgniter->run()
 9 SYSTEMPATH\Commands\Server\rewrite.php(47): require_once('C:\\xampp\\htdocs\\codeigniter\\public\\index.php')
CRITICAL - 2023-10-20 12:17:09 --> syntax error, unexpected end of file, expecting "elseif" or "else" or "endif"
in APPPATH\Views\forms\index2.php on line 129.
 1 SYSTEMPATH\View\View.php(229): CodeIgniter\View\View->CodeIgniter\View\{closure}()
 2 SYSTEMPATH\Common.php(1188): CodeIgniter\View\View->render('forms/index2.php', [], true)
 3 APPPATH\Controllers\Home.php(9): view('forms/index2.php')
 4 SYSTEMPATH\CodeIgniter.php(919): App\Controllers\Home->index()
 5 SYSTEMPATH\CodeIgniter.php(494): CodeIgniter\CodeIgniter->runController(Object(App\Controllers\Home))
 6 SYSTEMPATH\CodeIgniter.php(353): CodeIgniter\CodeIgniter->handleRequest(null, Object(Config\Cache), false)
 7 FCPATH\index.php(79): CodeIgniter\CodeIgniter->run()
 8 SYSTEMPATH\Commands\Server\rewrite.php(47): require_once('C:\\xampp\\htdocs\\codeigniter\\public\\index.php')
INFO - 2023-10-20 12:18:29 --> Session: Class initialized using 'CodeIgniter\Session\Handlers\FileHandler' driver.
INFO - 2023-10-20 12:18:34 --> Session: Class initialized using 'CodeIgniter\Session\Handlers\FileHandler' driver.
INFO - 2023-10-20 12:18:36 --> Session: Class initialized using 'CodeIgniter\Session\Handlers\FileHandler' driver.
INFO - 2023-10-20 12:18:43 --> Session: Class initialized using 'CodeIgniter\Session\Handlers\FileHandler' driver.
INFO - 2023-10-20 12:18:52 --> Session: Class initialized using 'CodeIgniter\Session\Handlers\FileHandler' driver.
INFO - 2023-10-20 12:18:57 --> Session: Class initialized using 'CodeIgniter\Session\Handlers\FileHandler' driver.
INFO - 2023-10-20 12:19:01 --> Session: Class initialized using 'CodeIgniter\Session\Handlers\FileHandler' driver.
INFO - 2023-10-20 12:19:19 --> Session: Class initialized using 'CodeIgniter\Session\Handlers\FileHandler' driver.
INFO - 2023-10-20 12:19:21 --> Session: Class initialized using 'CodeIgniter\Session\Handlers\FileHandler' driver.
INFO - 2023-10-20 12:19:24 --> Session: Class initialized using 'CodeIgniter\Session\Handlers\FileHandler' driver.
INFO - 2023-10-20 12:21:58 --> Session: Class initialized using 'CodeIgniter\Session\Handlers\FileHandler' driver.
INFO - 2023-10-20 12:21:59 --> Session: Class initialized using 'CodeIgniter\Session\Handlers\FileHandler' driver.
INFO - 2023-10-20 12:22:01 --> Session: Class initialized using 'CodeIgniter\Session\Handlers\FileHandler' driver.
INFO - 2023-10-20 12:22:03 --> Session: Class initialized using 'CodeIgniter\Session\Handlers\FileHandler' driver.
INFO - 2023-10-20 12:22:17 --> Session: Class initialized using 'CodeIgniter\Session\Handlers\FileHandler' driver.
INFO - 2023-10-20 12:22:19 --> Session: Class initialized using 'CodeIgniter\Session\Handlers\FileHandler' driver.
INFO - 2023-10-20 12:26:26 --> Session: Class initialized using 'CodeIgniter\Session\Handlers\FileHandler' driver.
INFO - 2023-10-20 12:26:27 --> Session: Class initialized using 'CodeIgniter\Session\Handlers\FileHandler' driver.
INFO - 2023-10-20 12:26:28 --> Session: Class initialized using 'CodeIgniter\Session\Handlers\FileHandler' driver.
INFO - 2023-10-20 12:26:28 --> Session: Class initialized using 'CodeIgniter\Session\Handlers\FileHandler' driver.
INFO - 2023-10-20 12:26:29 --> Session: Class initialized using 'CodeIgniter\Session\Handlers\FileHandler' driver.
