CRITICAL - 2023-10-17 06:06:29 --> syntax error, unexpected end of file
in APPPATH\Config\Routes.php on line 11.
 1 SYSTEMPATH\CodeIgniter.php(787): CodeIgniter\Router\RouteCollection->loadRoutes()
 2 SYSTEMPATH\CodeIgniter.php(442): CodeIgniter\CodeIgniter->tryToRouteIt(null)
 3 SYSTEMPATH\CodeIgniter.php(353): CodeIgniter\CodeIgniter->handleRequest(null, Object(Config\Cache), false)
 4 FCPATH\index.php(79): CodeIgniter\CodeIgniter->run()
 5 SYSTEMPATH\Commands\Server\rewrite.php(47): require_once('C:\\xampp\\htdocs\\codeigniter\\public\\index.php')
CRITICAL - 2023-10-17 06:34:04 --> Undefined variable $all_user
in APPPATH\Controllers\DashboardController.php on line 10.
 1 APPPATH\Controllers\DashboardController.php(10): CodeIgniter\Debug\Exceptions->errorHandler(2, 'Undefined variable $all_user', 'C:\\xampp\\htdocs\\codeigniter\\app\\Controllers\\DashboardController.php', 10)
 2 SYSTEMPATH\CodeIgniter.php(919): App\Controllers\DashboardController->Index()
 3 SYSTEMPATH\CodeIgniter.php(494): CodeIgniter\CodeIgniter->runController(Object(App\Controllers\DashboardController))
 4 SYSTEMPATH\CodeIgniter.php(353): CodeIgniter\CodeIgniter->handleRequest(null, Object(Config\Cache), false)
 5 FCPATH\index.php(79): CodeIgniter\CodeIgniter->run()
 6 SYSTEMPATH\Commands\Server\rewrite.php(47): require_once('C:\\xampp\\htdocs\\codeigniter\\public\\index.php')
CRITICAL - 2023-10-17 06:34:09 --> Undefined variable $all_user
in APPPATH\Controllers\DashboardController.php on line 10.
 1 APPPATH\Controllers\DashboardController.php(10): CodeIgniter\Debug\Exceptions->errorHandler(2, 'Undefined variable $all_user', 'C:\\xampp\\htdocs\\codeigniter\\app\\Controllers\\DashboardController.php', 10)
 2 SYSTEMPATH\CodeIgniter.php(919): App\Controllers\DashboardController->Index()
 3 SYSTEMPATH\CodeIgniter.php(494): CodeIgniter\CodeIgniter->runController(Object(App\Controllers\DashboardController))
 4 SYSTEMPATH\CodeIgniter.php(353): CodeIgniter\CodeIgniter->handleRequest(null, Object(Config\Cache), false)
 5 FCPATH\index.php(79): CodeIgniter\CodeIgniter->run()
 6 SYSTEMPATH\Commands\Server\rewrite.php(47): require_once('C:\\xampp\\htdocs\\codeigniter\\public\\index.php')
CRITICAL - 2023-10-17 06:34:13 --> Undefined variable $all_user
in APPPATH\Controllers\DashboardController.php on line 10.
 1 APPPATH\Controllers\DashboardController.php(10): CodeIgniter\Debug\Exceptions->errorHandler(2, 'Undefined variable $all_user', 'C:\\xampp\\htdocs\\codeigniter\\app\\Controllers\\DashboardController.php', 10)
 2 SYSTEMPATH\CodeIgniter.php(919): App\Controllers\DashboardController->Index()
 3 SYSTEMPATH\CodeIgniter.php(494): CodeIgniter\CodeIgniter->runController(Object(App\Controllers\DashboardController))
 4 SYSTEMPATH\CodeIgniter.php(353): CodeIgniter\CodeIgniter->handleRequest(null, Object(Config\Cache), false)
 5 FCPATH\index.php(79): CodeIgniter\CodeIgniter->run()
 6 SYSTEMPATH\Commands\Server\rewrite.php(47): require_once('C:\\xampp\\htdocs\\codeigniter\\public\\index.php')
CRITICAL - 2023-10-17 06:34:32 --> Undefined variable $all_user
in APPPATH\Controllers\DashboardController.php on line 10.
 1 APPPATH\Controllers\DashboardController.php(10): CodeIgniter\Debug\Exceptions->errorHandler(2, 'Undefined variable $all_user', 'C:\\xampp\\htdocs\\codeigniter\\app\\Controllers\\DashboardController.php', 10)
 2 SYSTEMPATH\CodeIgniter.php(919): App\Controllers\DashboardController->Index()
 3 SYSTEMPATH\CodeIgniter.php(494): CodeIgniter\CodeIgniter->runController(Object(App\Controllers\DashboardController))
 4 SYSTEMPATH\CodeIgniter.php(353): CodeIgniter\CodeIgniter->handleRequest(null, Object(Config\Cache), false)
 5 FCPATH\index.php(79): CodeIgniter\CodeIgniter->run()
 6 SYSTEMPATH\Commands\Server\rewrite.php(47): require_once('C:\\xampp\\htdocs\\codeigniter\\public\\index.php')
CRITICAL - 2023-10-17 06:35:31 --> Undefined variable $all_user
in APPPATH\Controllers\DashboardController.php on line 10.
 1 APPPATH\Controllers\DashboardController.php(10): CodeIgniter\Debug\Exceptions->errorHandler(2, 'Undefined variable $all_user', 'C:\\xampp\\htdocs\\codeigniter\\app\\Controllers\\DashboardController.php', 10)
 2 SYSTEMPATH\CodeIgniter.php(919): App\Controllers\DashboardController->Index()
 3 SYSTEMPATH\CodeIgniter.php(494): CodeIgniter\CodeIgniter->runController(Object(App\Controllers\DashboardController))
 4 SYSTEMPATH\CodeIgniter.php(353): CodeIgniter\CodeIgniter->handleRequest(null, Object(Config\Cache), false)
 5 FCPATH\index.php(79): CodeIgniter\CodeIgniter->run()
 6 SYSTEMPATH\Commands\Server\rewrite.php(47): require_once('C:\\xampp\\htdocs\\codeigniter\\public\\index.php')
CRITICAL - 2023-10-17 06:35:37 --> Undefined variable $all_user
in APPPATH\Controllers\DashboardController.php on line 10.
 1 APPPATH\Controllers\DashboardController.php(10): CodeIgniter\Debug\Exceptions->errorHandler(2, 'Undefined variable $all_user', 'C:\\xampp\\htdocs\\codeigniter\\app\\Controllers\\DashboardController.php', 10)
 2 SYSTEMPATH\CodeIgniter.php(919): App\Controllers\DashboardController->Index()
 3 SYSTEMPATH\CodeIgniter.php(494): CodeIgniter\CodeIgniter->runController(Object(App\Controllers\DashboardController))
 4 SYSTEMPATH\CodeIgniter.php(353): CodeIgniter\CodeIgniter->handleRequest(null, Object(Config\Cache), false)
 5 FCPATH\index.php(79): CodeIgniter\CodeIgniter->run()
 6 SYSTEMPATH\Commands\Server\rewrite.php(47): require_once('C:\\xampp\\htdocs\\codeigniter\\public\\index.php')
CRITICAL - 2023-10-17 06:35:53 --> Undefined variable $all_user
in APPPATH\Controllers\DashboardController.php on line 10.
 1 APPPATH\Controllers\DashboardController.php(10): CodeIgniter\Debug\Exceptions->errorHandler(2, 'Undefined variable $all_user', 'C:\\xampp\\htdocs\\codeigniter\\app\\Controllers\\DashboardController.php', 10)
 2 SYSTEMPATH\CodeIgniter.php(919): App\Controllers\DashboardController->Index()
 3 SYSTEMPATH\CodeIgniter.php(494): CodeIgniter\CodeIgniter->runController(Object(App\Controllers\DashboardController))
 4 SYSTEMPATH\CodeIgniter.php(353): CodeIgniter\CodeIgniter->handleRequest(null, Object(Config\Cache), false)
 5 FCPATH\index.php(79): CodeIgniter\CodeIgniter->run()
 6 SYSTEMPATH\Commands\Server\rewrite.php(47): require_once('C:\\xampp\\htdocs\\codeigniter\\public\\index.php')
CRITICAL - 2023-10-17 06:38:08 --> Undefined variable $all_user
in APPPATH\Controllers\DashboardController.php on line 10.
 1 APPPATH\Controllers\DashboardController.php(10): CodeIgniter\Debug\Exceptions->errorHandler(2, 'Undefined variable $all_user', 'C:\\xampp\\htdocs\\codeigniter\\app\\Controllers\\DashboardController.php', 10)
 2 SYSTEMPATH\CodeIgniter.php(919): App\Controllers\DashboardController->Index()
 3 SYSTEMPATH\CodeIgniter.php(494): CodeIgniter\CodeIgniter->runController(Object(App\Controllers\DashboardController))
 4 SYSTEMPATH\CodeIgniter.php(353): CodeIgniter\CodeIgniter->handleRequest(null, Object(Config\Cache), false)
 5 FCPATH\index.php(79): CodeIgniter\CodeIgniter->run()
 6 SYSTEMPATH\Commands\Server\rewrite.php(47): require_once('C:\\xampp\\htdocs\\codeigniter\\public\\index.php')
CRITICAL - 2023-10-17 06:38:08 --> Undefined variable $all_user
in APPPATH\Controllers\DashboardController.php on line 10.
 1 APPPATH\Controllers\DashboardController.php(10): CodeIgniter\Debug\Exceptions->errorHandler(2, 'Undefined variable $all_user', 'C:\\xampp\\htdocs\\codeigniter\\app\\Controllers\\DashboardController.php', 10)
 2 SYSTEMPATH\CodeIgniter.php(919): App\Controllers\DashboardController->Index()
 3 SYSTEMPATH\CodeIgniter.php(494): CodeIgniter\CodeIgniter->runController(Object(App\Controllers\DashboardController))
 4 SYSTEMPATH\CodeIgniter.php(353): CodeIgniter\CodeIgniter->handleRequest(null, Object(Config\Cache), false)
 5 FCPATH\index.php(79): CodeIgniter\CodeIgniter->run()
 6 SYSTEMPATH\Commands\Server\rewrite.php(47): require_once('C:\\xampp\\htdocs\\codeigniter\\public\\index.php')
CRITICAL - 2023-10-17 06:38:08 --> Undefined variable $all_user
in APPPATH\Controllers\DashboardController.php on line 10.
 1 APPPATH\Controllers\DashboardController.php(10): CodeIgniter\Debug\Exceptions->errorHandler(2, 'Undefined variable $all_user', 'C:\\xampp\\htdocs\\codeigniter\\app\\Controllers\\DashboardController.php', 10)
 2 SYSTEMPATH\CodeIgniter.php(919): App\Controllers\DashboardController->Index()
 3 SYSTEMPATH\CodeIgniter.php(494): CodeIgniter\CodeIgniter->runController(Object(App\Controllers\DashboardController))
 4 SYSTEMPATH\CodeIgniter.php(353): CodeIgniter\CodeIgniter->handleRequest(null, Object(Config\Cache), false)
 5 FCPATH\index.php(79): CodeIgniter\CodeIgniter->run()
 6 SYSTEMPATH\Commands\Server\rewrite.php(47): require_once('C:\\xampp\\htdocs\\codeigniter\\public\\index.php')
CRITICAL - 2023-10-17 06:38:09 --> Undefined variable $all_user
in APPPATH\Controllers\DashboardController.php on line 10.
 1 APPPATH\Controllers\DashboardController.php(10): CodeIgniter\Debug\Exceptions->errorHandler(2, 'Undefined variable $all_user', 'C:\\xampp\\htdocs\\codeigniter\\app\\Controllers\\DashboardController.php', 10)
 2 SYSTEMPATH\CodeIgniter.php(919): App\Controllers\DashboardController->Index()
 3 SYSTEMPATH\CodeIgniter.php(494): CodeIgniter\CodeIgniter->runController(Object(App\Controllers\DashboardController))
 4 SYSTEMPATH\CodeIgniter.php(353): CodeIgniter\CodeIgniter->handleRequest(null, Object(Config\Cache), false)
 5 FCPATH\index.php(79): CodeIgniter\CodeIgniter->run()
 6 SYSTEMPATH\Commands\Server\rewrite.php(47): require_once('C:\\xampp\\htdocs\\codeigniter\\public\\index.php')
CRITICAL - 2023-10-17 06:38:10 --> Undefined variable $all_user
in APPPATH\Controllers\DashboardController.php on line 10.
 1 APPPATH\Controllers\DashboardController.php(10): CodeIgniter\Debug\Exceptions->errorHandler(2, 'Undefined variable $all_user', 'C:\\xampp\\htdocs\\codeigniter\\app\\Controllers\\DashboardController.php', 10)
 2 SYSTEMPATH\CodeIgniter.php(919): App\Controllers\DashboardController->Index()
 3 SYSTEMPATH\CodeIgniter.php(494): CodeIgniter\CodeIgniter->runController(Object(App\Controllers\DashboardController))
 4 SYSTEMPATH\CodeIgniter.php(353): CodeIgniter\CodeIgniter->handleRequest(null, Object(Config\Cache), false)
 5 FCPATH\index.php(79): CodeIgniter\CodeIgniter->run()
 6 SYSTEMPATH\Commands\Server\rewrite.php(47): require_once('C:\\xampp\\htdocs\\codeigniter\\public\\index.php')
CRITICAL - 2023-10-17 06:38:13 --> Undefined variable $all_user
in APPPATH\Controllers\DashboardController.php on line 10.
 1 APPPATH\Controllers\DashboardController.php(10): CodeIgniter\Debug\Exceptions->errorHandler(2, 'Undefined variable $all_user', 'C:\\xampp\\htdocs\\codeigniter\\app\\Controllers\\DashboardController.php', 10)
 2 SYSTEMPATH\CodeIgniter.php(919): App\Controllers\DashboardController->Index()
 3 SYSTEMPATH\CodeIgniter.php(494): CodeIgniter\CodeIgniter->runController(Object(App\Controllers\DashboardController))
 4 SYSTEMPATH\CodeIgniter.php(353): CodeIgniter\CodeIgniter->handleRequest(null, Object(Config\Cache), false)
 5 FCPATH\index.php(79): CodeIgniter\CodeIgniter->run()
 6 SYSTEMPATH\Commands\Server\rewrite.php(47): require_once('C:\\xampp\\htdocs\\codeigniter\\public\\index.php')
CRITICAL - 2023-10-17 06:38:45 --> Undefined variable $all_user
in APPPATH\Controllers\DashboardController.php on line 10.
 1 APPPATH\Controllers\DashboardController.php(10): CodeIgniter\Debug\Exceptions->errorHandler(2, 'Undefined variable $all_user', 'C:\\xampp\\htdocs\\codeigniter\\app\\Controllers\\DashboardController.php', 10)
 2 SYSTEMPATH\CodeIgniter.php(919): App\Controllers\DashboardController->Index()
 3 SYSTEMPATH\CodeIgniter.php(494): CodeIgniter\CodeIgniter->runController(Object(App\Controllers\DashboardController))
 4 SYSTEMPATH\CodeIgniter.php(353): CodeIgniter\CodeIgniter->handleRequest(null, Object(Config\Cache), false)
 5 FCPATH\index.php(79): CodeIgniter\CodeIgniter->run()
 6 SYSTEMPATH\Commands\Server\rewrite.php(47): require_once('C:\\xampp\\htdocs\\codeigniter\\public\\index.php')
CRITICAL - 2023-10-17 06:38:48 --> Undefined variable $all_user
in APPPATH\Controllers\DashboardController.php on line 10.
 1 APPPATH\Controllers\DashboardController.php(10): CodeIgniter\Debug\Exceptions->errorHandler(2, 'Undefined variable $all_user', 'C:\\xampp\\htdocs\\codeigniter\\app\\Controllers\\DashboardController.php', 10)
 2 SYSTEMPATH\CodeIgniter.php(919): App\Controllers\DashboardController->Index()
 3 SYSTEMPATH\CodeIgniter.php(494): CodeIgniter\CodeIgniter->runController(Object(App\Controllers\DashboardController))
 4 SYSTEMPATH\CodeIgniter.php(353): CodeIgniter\CodeIgniter->handleRequest(null, Object(Config\Cache), false)
 5 FCPATH\index.php(79): CodeIgniter\CodeIgniter->run()
 6 SYSTEMPATH\Commands\Server\rewrite.php(47): require_once('C:\\xampp\\htdocs\\codeigniter\\public\\index.php')
CRITICAL - 2023-10-17 06:40:41 --> Undefined variable $all_user
in APPPATH\Controllers\DashboardController.php on line 10.
 1 APPPATH\Controllers\DashboardController.php(10): CodeIgniter\Debug\Exceptions->errorHandler(2, 'Undefined variable $all_user', 'C:\\xampp\\htdocs\\codeigniter\\app\\Controllers\\DashboardController.php', 10)
 2 SYSTEMPATH\CodeIgniter.php(919): App\Controllers\DashboardController->Index()
 3 SYSTEMPATH\CodeIgniter.php(494): CodeIgniter\CodeIgniter->runController(Object(App\Controllers\DashboardController))
 4 SYSTEMPATH\CodeIgniter.php(353): CodeIgniter\CodeIgniter->handleRequest(null, Object(Config\Cache), false)
 5 FCPATH\index.php(79): CodeIgniter\CodeIgniter->run()
 6 SYSTEMPATH\Commands\Server\rewrite.php(47): require_once('C:\\xampp\\htdocs\\codeigniter\\public\\index.php')
CRITICAL - 2023-10-17 06:50:30 --> Class "App\Controllers\UserModel" not found
in APPPATH\Controllers\DashboardController.php on line 9.
 1 SYSTEMPATH\CodeIgniter.php(919): App\Controllers\DashboardController->Index()
 2 SYSTEMPATH\CodeIgniter.php(494): CodeIgniter\CodeIgniter->runController(Object(App\Controllers\DashboardController))
 3 SYSTEMPATH\CodeIgniter.php(353): CodeIgniter\CodeIgniter->handleRequest(null, Object(Config\Cache), false)
 4 FCPATH\index.php(79): CodeIgniter\CodeIgniter->run()
 5 SYSTEMPATH\Commands\Server\rewrite.php(47): require_once('C:\\xampp\\htdocs\\codeigniter\\public\\index.php')
CRITICAL - 2023-10-17 06:51:23 --> Class "App\Controllers\UserModel" not found
in APPPATH\Controllers\DashboardController.php on line 9.
 1 SYSTEMPATH\CodeIgniter.php(919): App\Controllers\DashboardController->Index()
 2 SYSTEMPATH\CodeIgniter.php(494): CodeIgniter\CodeIgniter->runController(Object(App\Controllers\DashboardController))
 3 SYSTEMPATH\CodeIgniter.php(353): CodeIgniter\CodeIgniter->handleRequest(null, Object(Config\Cache), false)
 4 FCPATH\index.php(79): CodeIgniter\CodeIgniter->run()
 5 SYSTEMPATH\Commands\Server\rewrite.php(47): require_once('C:\\xampp\\htdocs\\codeigniter\\public\\index.php')
CRITICAL - 2023-10-17 06:51:26 --> Class "App\Controllers\UserModel" not found
in APPPATH\Controllers\DashboardController.php on line 9.
 1 SYSTEMPATH\CodeIgniter.php(919): App\Controllers\DashboardController->Index()
 2 SYSTEMPATH\CodeIgniter.php(494): CodeIgniter\CodeIgniter->runController(Object(App\Controllers\DashboardController))
 3 SYSTEMPATH\CodeIgniter.php(353): CodeIgniter\CodeIgniter->handleRequest(null, Object(Config\Cache), false)
 4 FCPATH\index.php(79): CodeIgniter\CodeIgniter->run()
 5 SYSTEMPATH\Commands\Server\rewrite.php(47): require_once('C:\\xampp\\htdocs\\codeigniter\\public\\index.php')
CRITICAL - 2023-10-17 06:53:10 --> App\Controllers\DashboardController::Index(): Return value must be of type string, none returned
in APPPATH\Controllers\DashboardController.php on line 13.
 1 SYSTEMPATH\CodeIgniter.php(919): App\Controllers\DashboardController->Index()
 2 SYSTEMPATH\CodeIgniter.php(494): CodeIgniter\CodeIgniter->runController(Object(App\Controllers\DashboardController))
 3 SYSTEMPATH\CodeIgniter.php(353): CodeIgniter\CodeIgniter->handleRequest(null, Object(Config\Cache), false)
 4 FCPATH\index.php(79): CodeIgniter\CodeIgniter->run()
 5 SYSTEMPATH\Commands\Server\rewrite.php(47): require_once('C:\\xampp\\htdocs\\codeigniter\\public\\index.php')
CRITICAL - 2023-10-17 06:55:13 --> Class "App\Controllers\UserModel" not found
in APPPATH\Controllers\DashboardController.php on line 9.
 1 SYSTEMPATH\CodeIgniter.php(919): App\Controllers\DashboardController->index()
 2 SYSTEMPATH\CodeIgniter.php(494): CodeIgniter\CodeIgniter->runController(Object(App\Controllers\DashboardController))
 3 SYSTEMPATH\CodeIgniter.php(353): CodeIgniter\CodeIgniter->handleRequest(null, Object(Config\Cache), false)
 4 FCPATH\index.php(79): CodeIgniter\CodeIgniter->run()
 5 SYSTEMPATH\Commands\Server\rewrite.php(47): require_once('C:\\xampp\\htdocs\\codeigniter\\public\\index.php')
CRITICAL - 2023-10-17 06:55:17 --> Class "App\Controllers\UserModel" not found
in APPPATH\Controllers\DashboardController.php on line 9.
 1 SYSTEMPATH\CodeIgniter.php(919): App\Controllers\DashboardController->index()
 2 SYSTEMPATH\CodeIgniter.php(494): CodeIgniter\CodeIgniter->runController(Object(App\Controllers\DashboardController))
 3 SYSTEMPATH\CodeIgniter.php(353): CodeIgniter\CodeIgniter->handleRequest(null, Object(Config\Cache), false)
 4 FCPATH\index.php(79): CodeIgniter\CodeIgniter->run()
 5 SYSTEMPATH\Commands\Server\rewrite.php(47): require_once('C:\\xampp\\htdocs\\codeigniter\\public\\index.php')
CRITICAL - 2023-10-17 06:55:30 --> Class "App\Controllers\UserModel" not found
in APPPATH\Controllers\DashboardController.php on line 9.
 1 SYSTEMPATH\CodeIgniter.php(919): App\Controllers\DashboardController->index()
 2 SYSTEMPATH\CodeIgniter.php(494): CodeIgniter\CodeIgniter->runController(Object(App\Controllers\DashboardController))
 3 SYSTEMPATH\CodeIgniter.php(353): CodeIgniter\CodeIgniter->handleRequest(null, Object(Config\Cache), false)
 4 FCPATH\index.php(79): CodeIgniter\CodeIgniter->run()
 5 SYSTEMPATH\Commands\Server\rewrite.php(47): require_once('C:\\xampp\\htdocs\\codeigniter\\public\\index.php')
CRITICAL - 2023-10-17 07:03:34 --> Undefined variable $data
in APPPATH\Views\forms\dashboard.php on line 37.
 1 APPPATH\Views\forms\dashboard.php(37): CodeIgniter\Debug\Exceptions->errorHandler(2, 'Undefined variable $data', 'C:\\xampp\\htdocs\\codeigniter\\app\\Views\\forms\\dashboard.php', 37)
 2 SYSTEMPATH\View\View.php(226): include('C:\\xampp\\htdocs\\codeigniter\\app\\Views\\forms\\dashboard.php')
 3 SYSTEMPATH\View\View.php(229): CodeIgniter\View\View->CodeIgniter\View\{closure}()
 4 SYSTEMPATH\Common.php(1188): CodeIgniter\View\View->render('forms/dashboard.php', [], true)
 5 APPPATH\Controllers\DashboardController.php(11): view('forms/dashboard.php', [...])
 6 SYSTEMPATH\CodeIgniter.php(919): App\Controllers\DashboardController->index()
 7 SYSTEMPATH\CodeIgniter.php(494): CodeIgniter\CodeIgniter->runController(Object(App\Controllers\DashboardController))
 8 SYSTEMPATH\CodeIgniter.php(353): CodeIgniter\CodeIgniter->handleRequest(null, Object(Config\Cache), false)
 9 FCPATH\index.php(79): CodeIgniter\CodeIgniter->run()
10 SYSTEMPATH\Commands\Server\rewrite.php(47): require_once('C:\\xampp\\htdocs\\codeigniter\\public\\index.php')
CRITICAL - 2023-10-17 07:04:14 --> Undefined variable $data
in APPPATH\Views\forms\dashboard.php on line 37.
 1 APPPATH\Views\forms\dashboard.php(37): CodeIgniter\Debug\Exceptions->errorHandler(2, 'Undefined variable $data', 'C:\\xampp\\htdocs\\codeigniter\\app\\Views\\forms\\dashboard.php', 37)
 2 SYSTEMPATH\View\View.php(226): include('C:\\xampp\\htdocs\\codeigniter\\app\\Views\\forms\\dashboard.php')
 3 SYSTEMPATH\View\View.php(229): CodeIgniter\View\View->CodeIgniter\View\{closure}()
 4 SYSTEMPATH\Common.php(1188): CodeIgniter\View\View->render('forms/dashboard.php', [], true)
 5 APPPATH\Controllers\DashboardController.php(11): view('forms/dashboard.php', [...])
 6 SYSTEMPATH\CodeIgniter.php(919): App\Controllers\DashboardController->index()
 7 SYSTEMPATH\CodeIgniter.php(494): CodeIgniter\CodeIgniter->runController(Object(App\Controllers\DashboardController))
 8 SYSTEMPATH\CodeIgniter.php(353): CodeIgniter\CodeIgniter->handleRequest(null, Object(Config\Cache), false)
 9 FCPATH\index.php(79): CodeIgniter\CodeIgniter->run()
10 SYSTEMPATH\Commands\Server\rewrite.php(47): require_once('C:\\xampp\\htdocs\\codeigniter\\public\\index.php')
CRITICAL - 2023-10-17 07:04:17 --> Undefined variable $data
in APPPATH\Views\forms\dashboard.php on line 37.
 1 APPPATH\Views\forms\dashboard.php(37): CodeIgniter\Debug\Exceptions->errorHandler(2, 'Undefined variable $data', 'C:\\xampp\\htdocs\\codeigniter\\app\\Views\\forms\\dashboard.php', 37)
 2 SYSTEMPATH\View\View.php(226): include('C:\\xampp\\htdocs\\codeigniter\\app\\Views\\forms\\dashboard.php')
 3 SYSTEMPATH\View\View.php(229): CodeIgniter\View\View->CodeIgniter\View\{closure}()
 4 SYSTEMPATH\Common.php(1188): CodeIgniter\View\View->render('forms/dashboard.php', [], true)
 5 APPPATH\Controllers\DashboardController.php(11): view('forms/dashboard.php', [...])
 6 SYSTEMPATH\CodeIgniter.php(919): App\Controllers\DashboardController->index()
 7 SYSTEMPATH\CodeIgniter.php(494): CodeIgniter\CodeIgniter->runController(Object(App\Controllers\DashboardController))
 8 SYSTEMPATH\CodeIgniter.php(353): CodeIgniter\CodeIgniter->handleRequest(null, Object(Config\Cache), false)
 9 FCPATH\index.php(79): CodeIgniter\CodeIgniter->run()
10 SYSTEMPATH\Commands\Server\rewrite.php(47): require_once('C:\\xampp\\htdocs\\codeigniter\\public\\index.php')
CRITICAL - 2023-10-17 07:04:20 --> Undefined variable $data
in APPPATH\Views\forms\dashboard.php on line 37.
 1 APPPATH\Views\forms\dashboard.php(37): CodeIgniter\Debug\Exceptions->errorHandler(2, 'Undefined variable $data', 'C:\\xampp\\htdocs\\codeigniter\\app\\Views\\forms\\dashboard.php', 37)
 2 SYSTEMPATH\View\View.php(226): include('C:\\xampp\\htdocs\\codeigniter\\app\\Views\\forms\\dashboard.php')
 3 SYSTEMPATH\View\View.php(229): CodeIgniter\View\View->CodeIgniter\View\{closure}()
 4 SYSTEMPATH\Common.php(1188): CodeIgniter\View\View->render('forms/dashboard.php', [], true)
 5 APPPATH\Controllers\DashboardController.php(11): view('forms/dashboard.php', [...])
 6 SYSTEMPATH\CodeIgniter.php(919): App\Controllers\DashboardController->index()
 7 SYSTEMPATH\CodeIgniter.php(494): CodeIgniter\CodeIgniter->runController(Object(App\Controllers\DashboardController))
 8 SYSTEMPATH\CodeIgniter.php(353): CodeIgniter\CodeIgniter->handleRequest(null, Object(Config\Cache), false)
 9 FCPATH\index.php(79): CodeIgniter\CodeIgniter->run()
10 SYSTEMPATH\Commands\Server\rewrite.php(47): require_once('C:\\xampp\\htdocs\\codeigniter\\public\\index.php')
CRITICAL - 2023-10-17 07:08:21 --> Attempt to read property "id" on array
in APPPATH\Views\forms\dashboard.php on line 40.
 1 APPPATH\Views\forms\dashboard.php(40): CodeIgniter\Debug\Exceptions->errorHandler(2, 'Attempt to read property "id" on array', 'C:\\xampp\\htdocs\\codeigniter\\app\\Views\\forms\\dashboard.php', 40)
 2 SYSTEMPATH\View\View.php(226): include('C:\\xampp\\htdocs\\codeigniter\\app\\Views\\forms\\dashboard.php')
 3 SYSTEMPATH\View\View.php(229): CodeIgniter\View\View->CodeIgniter\View\{closure}()
 4 SYSTEMPATH\Common.php(1188): CodeIgniter\View\View->render('forms/dashboard.php', [], true)
 5 APPPATH\Controllers\DashboardController.php(11): view('forms/dashboard.php', [...])
 6 SYSTEMPATH\CodeIgniter.php(919): App\Controllers\DashboardController->index()
 7 SYSTEMPATH\CodeIgniter.php(494): CodeIgniter\CodeIgniter->runController(Object(App\Controllers\DashboardController))
 8 SYSTEMPATH\CodeIgniter.php(353): CodeIgniter\CodeIgniter->handleRequest(null, Object(Config\Cache), false)
 9 FCPATH\index.php(79): CodeIgniter\CodeIgniter->run()
10 SYSTEMPATH\Commands\Server\rewrite.php(47): require_once('C:\\xampp\\htdocs\\codeigniter\\public\\index.php')
CRITICAL - 2023-10-17 07:08:28 --> Attempt to read property "id" on array
in APPPATH\Views\forms\dashboard.php on line 40.
 1 APPPATH\Views\forms\dashboard.php(40): CodeIgniter\Debug\Exceptions->errorHandler(2, 'Attempt to read property "id" on array', 'C:\\xampp\\htdocs\\codeigniter\\app\\Views\\forms\\dashboard.php', 40)
 2 SYSTEMPATH\View\View.php(226): include('C:\\xampp\\htdocs\\codeigniter\\app\\Views\\forms\\dashboard.php')
 3 SYSTEMPATH\View\View.php(229): CodeIgniter\View\View->CodeIgniter\View\{closure}()
 4 SYSTEMPATH\Common.php(1188): CodeIgniter\View\View->render('forms/dashboard.php', [], true)
 5 APPPATH\Controllers\DashboardController.php(11): view('forms/dashboard.php', [...])
 6 SYSTEMPATH\CodeIgniter.php(919): App\Controllers\DashboardController->index()
 7 SYSTEMPATH\CodeIgniter.php(494): CodeIgniter\CodeIgniter->runController(Object(App\Controllers\DashboardController))
 8 SYSTEMPATH\CodeIgniter.php(353): CodeIgniter\CodeIgniter->handleRequest(null, Object(Config\Cache), false)
 9 FCPATH\index.php(79): CodeIgniter\CodeIgniter->run()
10 SYSTEMPATH\Commands\Server\rewrite.php(47): require_once('C:\\xampp\\htdocs\\codeigniter\\public\\index.php')
CRITICAL - 2023-10-17 07:10:13 --> Undefined array key "id"
in APPPATH\Views\forms\dashboard.php on line 29.
 1 APPPATH\Views\forms\dashboard.php(29): CodeIgniter\Debug\Exceptions->errorHandler(2, 'Undefined array key "id"', 'C:\\xampp\\htdocs\\codeigniter\\app\\Views\\forms\\dashboard.php', 29)
 2 SYSTEMPATH\View\View.php(226): include('C:\\xampp\\htdocs\\codeigniter\\app\\Views\\forms\\dashboard.php')
 3 SYSTEMPATH\View\View.php(229): CodeIgniter\View\View->CodeIgniter\View\{closure}()
 4 SYSTEMPATH\Common.php(1188): CodeIgniter\View\View->render('forms/dashboard.php', [], true)
 5 APPPATH\Controllers\DashboardController.php(11): view('forms/dashboard.php', [...])
 6 SYSTEMPATH\CodeIgniter.php(919): App\Controllers\DashboardController->index()
 7 SYSTEMPATH\CodeIgniter.php(494): CodeIgniter\CodeIgniter->runController(Object(App\Controllers\DashboardController))
 8 SYSTEMPATH\CodeIgniter.php(353): CodeIgniter\CodeIgniter->handleRequest(null, Object(Config\Cache), false)
 9 FCPATH\index.php(79): CodeIgniter\CodeIgniter->run()
10 SYSTEMPATH\Commands\Server\rewrite.php(47): require_once('C:\\xampp\\htdocs\\codeigniter\\public\\index.php')
CRITICAL - 2023-10-17 07:48:36 --> Array to string conversion
in APPPATH\Views\forms\dashboard.php on line 49.
 1 APPPATH\Views\forms\dashboard.php(49): CodeIgniter\Debug\Exceptions->errorHandler(2, 'Array to string conversion', 'C:\\xampp\\htdocs\\codeigniter\\app\\Views\\forms\\dashboard.php', 49)
 2 SYSTEMPATH\View\View.php(226): include('C:\\xampp\\htdocs\\codeigniter\\app\\Views\\forms\\dashboard.php')
 3 SYSTEMPATH\View\View.php(229): CodeIgniter\View\View->CodeIgniter\View\{closure}()
 4 SYSTEMPATH\Common.php(1188): CodeIgniter\View\View->render('forms/dashboard.php', [], true)
 5 APPPATH\Controllers\DashboardController.php(11): view('forms/dashboard.php', [...])
 6 SYSTEMPATH\CodeIgniter.php(919): App\Controllers\DashboardController->index()
 7 SYSTEMPATH\CodeIgniter.php(494): CodeIgniter\CodeIgniter->runController(Object(App\Controllers\DashboardController))
 8 SYSTEMPATH\CodeIgniter.php(353): CodeIgniter\CodeIgniter->handleRequest(null, Object(Config\Cache), false)
 9 FCPATH\index.php(79): CodeIgniter\CodeIgniter->run()
10 SYSTEMPATH\Commands\Server\rewrite.php(47): require_once('C:\\xampp\\htdocs\\codeigniter\\public\\index.php')
CRITICAL - 2023-10-17 07:48:50 --> Undefined array key 0
in APPPATH\Views\forms\dashboard.php on line 49.
 1 APPPATH\Views\forms\dashboard.php(49): CodeIgniter\Debug\Exceptions->errorHandler(2, 'Undefined array key 0', 'C:\\xampp\\htdocs\\codeigniter\\app\\Views\\forms\\dashboard.php', 49)
 2 SYSTEMPATH\View\View.php(226): include('C:\\xampp\\htdocs\\codeigniter\\app\\Views\\forms\\dashboard.php')
 3 SYSTEMPATH\View\View.php(229): CodeIgniter\View\View->CodeIgniter\View\{closure}()
 4 SYSTEMPATH\Common.php(1188): CodeIgniter\View\View->render('forms/dashboard.php', [], true)
 5 APPPATH\Controllers\DashboardController.php(11): view('forms/dashboard.php', [...])
 6 SYSTEMPATH\CodeIgniter.php(919): App\Controllers\DashboardController->index()
 7 SYSTEMPATH\CodeIgniter.php(494): CodeIgniter\CodeIgniter->runController(Object(App\Controllers\DashboardController))
 8 SYSTEMPATH\CodeIgniter.php(353): CodeIgniter\CodeIgniter->handleRequest(null, Object(Config\Cache), false)
 9 FCPATH\index.php(79): CodeIgniter\CodeIgniter->run()
10 SYSTEMPATH\Commands\Server\rewrite.php(47): require_once('C:\\xampp\\htdocs\\codeigniter\\public\\index.php')
CRITICAL - 2023-10-17 07:48:52 --> Undefined array key 0
in APPPATH\Views\forms\dashboard.php on line 49.
 1 APPPATH\Views\forms\dashboard.php(49): CodeIgniter\Debug\Exceptions->errorHandler(2, 'Undefined array key 0', 'C:\\xampp\\htdocs\\codeigniter\\app\\Views\\forms\\dashboard.php', 49)
 2 SYSTEMPATH\View\View.php(226): include('C:\\xampp\\htdocs\\codeigniter\\app\\Views\\forms\\dashboard.php')
 3 SYSTEMPATH\View\View.php(229): CodeIgniter\View\View->CodeIgniter\View\{closure}()
 4 SYSTEMPATH\Common.php(1188): CodeIgniter\View\View->render('forms/dashboard.php', [], true)
 5 APPPATH\Controllers\DashboardController.php(11): view('forms/dashboard.php', [...])
 6 SYSTEMPATH\CodeIgniter.php(919): App\Controllers\DashboardController->index()
 7 SYSTEMPATH\CodeIgniter.php(494): CodeIgniter\CodeIgniter->runController(Object(App\Controllers\DashboardController))
 8 SYSTEMPATH\CodeIgniter.php(353): CodeIgniter\CodeIgniter->handleRequest(null, Object(Config\Cache), false)
 9 FCPATH\index.php(79): CodeIgniter\CodeIgniter->run()
10 SYSTEMPATH\Commands\Server\rewrite.php(47): require_once('C:\\xampp\\htdocs\\codeigniter\\public\\index.php')
CRITICAL - 2023-10-17 08:18:36 --> Call to undefined method App\Controllers\DashboardController::getPost()
in APPPATH\Controllers\DashboardController.php on line 13.
 1 SYSTEMPATH\CodeIgniter.php(919): App\Controllers\DashboardController->index()
 2 SYSTEMPATH\CodeIgniter.php(494): CodeIgniter\CodeIgniter->runController(Object(App\Controllers\DashboardController))
 3 SYSTEMPATH\CodeIgniter.php(353): CodeIgniter\CodeIgniter->handleRequest(null, Object(Config\Cache), false)
 4 FCPATH\index.php(79): CodeIgniter\CodeIgniter->run()
 5 SYSTEMPATH\Commands\Server\rewrite.php(47): require_once('C:\\xampp\\htdocs\\codeigniter\\public\\index.php')
CRITICAL - 2023-10-17 08:18:57 --> Call to undefined method App\Controllers\DashboardController::getPost()
in APPPATH\Controllers\DashboardController.php on line 13.
 1 SYSTEMPATH\CodeIgniter.php(919): App\Controllers\DashboardController->index()
 2 SYSTEMPATH\CodeIgniter.php(494): CodeIgniter\CodeIgniter->runController(Object(App\Controllers\DashboardController))
 3 SYSTEMPATH\CodeIgniter.php(353): CodeIgniter\CodeIgniter->handleRequest(null, Object(Config\Cache), false)
 4 FCPATH\index.php(79): CodeIgniter\CodeIgniter->run()
 5 SYSTEMPATH\Commands\Server\rewrite.php(47): require_once('C:\\xampp\\htdocs\\codeigniter\\public\\index.php')
CRITICAL - 2023-10-17 08:30:28 --> Undefined variable $request
in APPPATH\Controllers\DashboardController.php on line 11.
 1 APPPATH\Controllers\DashboardController.php(11): CodeIgniter\Debug\Exceptions->errorHandler(2, 'Undefined variable $request', 'C:\\xampp\\htdocs\\codeigniter\\app\\Controllers\\DashboardController.php', 11)
 2 SYSTEMPATH\CodeIgniter.php(919): App\Controllers\DashboardController->index()
 3 SYSTEMPATH\CodeIgniter.php(494): CodeIgniter\CodeIgniter->runController(Object(App\Controllers\DashboardController))
 4 SYSTEMPATH\CodeIgniter.php(353): CodeIgniter\CodeIgniter->handleRequest(null, Object(Config\Cache), false)
 5 FCPATH\index.php(79): CodeIgniter\CodeIgniter->run()
 6 SYSTEMPATH\Commands\Server\rewrite.php(47): require_once('C:\\xampp\\htdocs\\codeigniter\\public\\index.php')
CRITICAL - 2023-10-17 08:33:03 --> Undefined variable $request
in APPPATH\Controllers\SignupController.php on line 12.
 1 APPPATH\Controllers\SignupController.php(12): CodeIgniter\Debug\Exceptions->errorHandler(2, 'Undefined variable $request', 'C:\\xampp\\htdocs\\codeigniter\\app\\Controllers\\SignupController.php', 12)
 2 SYSTEMPATH\CodeIgniter.php(919): App\Controllers\SignupController->getIndex()
 3 SYSTEMPATH\CodeIgniter.php(494): CodeIgniter\CodeIgniter->runController(Object(App\Controllers\SignupController))
 4 SYSTEMPATH\CodeIgniter.php(353): CodeIgniter\CodeIgniter->handleRequest(null, Object(Config\Cache), false)
 5 FCPATH\index.php(79): CodeIgniter\CodeIgniter->run()
 6 SYSTEMPATH\Commands\Server\rewrite.php(47): require_once('C:\\xampp\\htdocs\\codeigniter\\public\\index.php')
CRITICAL - 2023-10-17 08:34:34 --> Undefined variable $request
in APPPATH\Controllers\SignupController.php on line 11.
 1 APPPATH\Controllers\SignupController.php(11): CodeIgniter\Debug\Exceptions->errorHandler(2, 'Undefined variable $request', 'C:\\xampp\\htdocs\\codeigniter\\app\\Controllers\\SignupController.php', 11)
 2 SYSTEMPATH\CodeIgniter.php(919): App\Controllers\SignupController->getIndex()
 3 SYSTEMPATH\CodeIgniter.php(494): CodeIgniter\CodeIgniter->runController(Object(App\Controllers\SignupController))
 4 SYSTEMPATH\CodeIgniter.php(353): CodeIgniter\CodeIgniter->handleRequest(null, Object(Config\Cache), false)
 5 FCPATH\index.php(79): CodeIgniter\CodeIgniter->run()
 6 SYSTEMPATH\Commands\Server\rewrite.php(47): require_once('C:\\xampp\\htdocs\\codeigniter\\public\\index.php')
CRITICAL - 2023-10-17 08:35:27 --> Undefined variable $request
in APPPATH\Controllers\SignupController.php on line 11.
 1 APPPATH\Controllers\SignupController.php(11): CodeIgniter\Debug\Exceptions->errorHandler(2, 'Undefined variable $request', 'C:\\xampp\\htdocs\\codeigniter\\app\\Controllers\\SignupController.php', 11)
 2 SYSTEMPATH\CodeIgniter.php(919): App\Controllers\SignupController->getIndex()
 3 SYSTEMPATH\CodeIgniter.php(494): CodeIgniter\CodeIgniter->runController(Object(App\Controllers\SignupController))
 4 SYSTEMPATH\CodeIgniter.php(353): CodeIgniter\CodeIgniter->handleRequest(null, Object(Config\Cache), false)
 5 FCPATH\index.php(79): CodeIgniter\CodeIgniter->run()
 6 SYSTEMPATH\Commands\Server\rewrite.php(47): require_once('C:\\xampp\\htdocs\\codeigniter\\public\\index.php')
CRITICAL - 2023-10-17 08:36:21 --> Class "App\Controllers\App\Models\UserModel" not found
in APPPATH\Controllers\SignupController.php on line 9.
 1 SYSTEMPATH\CodeIgniter.php(919): App\Controllers\SignupController->getIndex()
 2 SYSTEMPATH\CodeIgniter.php(494): CodeIgniter\CodeIgniter->runController(Object(App\Controllers\SignupController))
 3 SYSTEMPATH\CodeIgniter.php(353): CodeIgniter\CodeIgniter->handleRequest(null, Object(Config\Cache), false)
 4 FCPATH\index.php(79): CodeIgniter\CodeIgniter->run()
 5 SYSTEMPATH\Commands\Server\rewrite.php(47): require_once('C:\\xampp\\htdocs\\codeigniter\\public\\index.php')
CRITICAL - 2023-10-17 08:38:29 --> Undefined variable $request
in APPPATH\Controllers\SignupController.php on line 12.
 1 APPPATH\Controllers\SignupController.php(12): CodeIgniter\Debug\Exceptions->errorHandler(2, 'Undefined variable $request', 'C:\\xampp\\htdocs\\codeigniter\\app\\Controllers\\SignupController.php', 12)
 2 SYSTEMPATH\CodeIgniter.php(919): App\Controllers\SignupController->getIndex()
 3 SYSTEMPATH\CodeIgniter.php(494): CodeIgniter\CodeIgniter->runController(Object(App\Controllers\SignupController))
 4 SYSTEMPATH\CodeIgniter.php(353): CodeIgniter\CodeIgniter->handleRequest(null, Object(Config\Cache), false)
 5 FCPATH\index.php(79): CodeIgniter\CodeIgniter->run()
 6 SYSTEMPATH\Commands\Server\rewrite.php(47): require_once('C:\\xampp\\htdocs\\codeigniter\\public\\index.php')
CRITICAL - 2023-10-17 08:38:58 --> Undefined variable $request
in APPPATH\Controllers\SignupController.php on line 12.
 1 APPPATH\Controllers\SignupController.php(12): CodeIgniter\Debug\Exceptions->errorHandler(2, 'Undefined variable $request', 'C:\\xampp\\htdocs\\codeigniter\\app\\Controllers\\SignupController.php', 12)
 2 SYSTEMPATH\CodeIgniter.php(919): App\Controllers\SignupController->index()
 3 SYSTEMPATH\CodeIgniter.php(494): CodeIgniter\CodeIgniter->runController(Object(App\Controllers\SignupController))
 4 SYSTEMPATH\CodeIgniter.php(353): CodeIgniter\CodeIgniter->handleRequest(null, Object(Config\Cache), false)
 5 FCPATH\index.php(79): CodeIgniter\CodeIgniter->run()
 6 SYSTEMPATH\Commands\Server\rewrite.php(47): require_once('C:\\xampp\\htdocs\\codeigniter\\public\\index.php')
CRITICAL - 2023-10-17 09:46:41 --> Undefined variable $request
in APPPATH\Controllers\SignupController.php on line 12.
 1 APPPATH\Controllers\SignupController.php(12): CodeIgniter\Debug\Exceptions->errorHandler(2, 'Undefined variable $request', 'C:\\xampp\\htdocs\\codeigniter\\app\\Controllers\\SignupController.php', 12)
 2 SYSTEMPATH\CodeIgniter.php(919): App\Controllers\SignupController->index()
 3 SYSTEMPATH\CodeIgniter.php(494): CodeIgniter\CodeIgniter->runController(Object(App\Controllers\SignupController))
 4 SYSTEMPATH\CodeIgniter.php(353): CodeIgniter\CodeIgniter->handleRequest(null, Object(Config\Cache), false)
 5 FCPATH\index.php(79): CodeIgniter\CodeIgniter->run()
 6 SYSTEMPATH\Commands\Server\rewrite.php(47): require_once('C:\\xampp\\htdocs\\codeigniter\\public\\index.php')
CRITICAL - 2023-10-17 09:48:55 --> Undefined variable $request
in APPPATH\Controllers\SignupController.php on line 12.
 1 APPPATH\Controllers\SignupController.php(12): CodeIgniter\Debug\Exceptions->errorHandler(2, 'Undefined variable $request', 'C:\\xampp\\htdocs\\codeigniter\\app\\Controllers\\SignupController.php', 12)
 2 SYSTEMPATH\CodeIgniter.php(919): App\Controllers\SignupController->index()
 3 SYSTEMPATH\CodeIgniter.php(494): CodeIgniter\CodeIgniter->runController(Object(App\Controllers\SignupController))
 4 SYSTEMPATH\CodeIgniter.php(353): CodeIgniter\CodeIgniter->handleRequest(null, Object(Config\Cache), false)
 5 FCPATH\index.php(79): CodeIgniter\CodeIgniter->run()
 6 SYSTEMPATH\Commands\Server\rewrite.php(47): require_once('C:\\xampp\\htdocs\\codeigniter\\public\\index.php')
CRITICAL - 2023-10-17 09:49:07 --> Undefined variable $request
in APPPATH\Controllers\SignupController.php on line 12.
 1 APPPATH\Controllers\SignupController.php(12): CodeIgniter\Debug\Exceptions->errorHandler(2, 'Undefined variable $request', 'C:\\xampp\\htdocs\\codeigniter\\app\\Controllers\\SignupController.php', 12)
 2 SYSTEMPATH\CodeIgniter.php(919): App\Controllers\SignupController->index()
 3 SYSTEMPATH\CodeIgniter.php(494): CodeIgniter\CodeIgniter->runController(Object(App\Controllers\SignupController))
 4 SYSTEMPATH\CodeIgniter.php(353): CodeIgniter\CodeIgniter->handleRequest(null, Object(Config\Cache), false)
 5 FCPATH\index.php(79): CodeIgniter\CodeIgniter->run()
 6 SYSTEMPATH\Commands\Server\rewrite.php(47): require_once('C:\\xampp\\htdocs\\codeigniter\\public\\index.php')
CRITICAL - 2023-10-17 09:53:24 --> Undefined variable $65445
in APPPATH\Controllers\SignupController.php on line 22.
 1 APPPATH\Controllers\SignupController.php(22): CodeIgniter\Debug\Exceptions->errorHandler(2, 'Undefined variable $65445', 'C:\\xampp\\htdocs\\codeigniter\\app\\Controllers\\SignupController.php', 22)
 2 SYSTEMPATH\CodeIgniter.php(919): App\Controllers\SignupController->index()
 3 SYSTEMPATH\CodeIgniter.php(494): CodeIgniter\CodeIgniter->runController(Object(App\Controllers\SignupController))
 4 SYSTEMPATH\CodeIgniter.php(353): CodeIgniter\CodeIgniter->handleRequest(null, Object(Config\Cache), false)
 5 FCPATH\index.php(79): CodeIgniter\CodeIgniter->run()
 6 SYSTEMPATH\Commands\Server\rewrite.php(47): require_once('C:\\xampp\\htdocs\\codeigniter\\public\\index.php')
CRITICAL - 2023-10-17 09:53:33 --> Undefined variable $ERERER
in APPPATH\Controllers\SignupController.php on line 22.
 1 APPPATH\Controllers\SignupController.php(22): CodeIgniter\Debug\Exceptions->errorHandler(2, 'Undefined variable $ERERER', 'C:\\xampp\\htdocs\\codeigniter\\app\\Controllers\\SignupController.php', 22)
 2 SYSTEMPATH\CodeIgniter.php(919): App\Controllers\SignupController->index()
 3 SYSTEMPATH\CodeIgniter.php(494): CodeIgniter\CodeIgniter->runController(Object(App\Controllers\SignupController))
 4 SYSTEMPATH\CodeIgniter.php(353): CodeIgniter\CodeIgniter->handleRequest(null, Object(Config\Cache), false)
 5 FCPATH\index.php(79): CodeIgniter\CodeIgniter->run()
 6 SYSTEMPATH\Commands\Server\rewrite.php(47): require_once('C:\\xampp\\htdocs\\codeigniter\\public\\index.php')
CRITICAL - 2023-10-17 09:53:43 --> Undefined variable $ERERER
in APPPATH\Controllers\SignupController.php on line 22.
 1 APPPATH\Controllers\SignupController.php(22): CodeIgniter\Debug\Exceptions->errorHandler(2, 'Undefined variable $ERERER', 'C:\\xampp\\htdocs\\codeigniter\\app\\Controllers\\SignupController.php', 22)
 2 SYSTEMPATH\CodeIgniter.php(919): App\Controllers\SignupController->index()
 3 SYSTEMPATH\CodeIgniter.php(494): CodeIgniter\CodeIgniter->runController(Object(App\Controllers\SignupController))
 4 SYSTEMPATH\CodeIgniter.php(353): CodeIgniter\CodeIgniter->handleRequest(null, Object(Config\Cache), false)
 5 FCPATH\index.php(79): CodeIgniter\CodeIgniter->run()
 6 SYSTEMPATH\Commands\Server\rewrite.php(47): require_once('C:\\xampp\\htdocs\\codeigniter\\public\\index.php')
CRITICAL - 2023-10-17 09:54:51 --> Undefined variable $ERERER
in APPPATH\Controllers\SignupController.php on line 22.
 1 APPPATH\Controllers\SignupController.php(22): CodeIgniter\Debug\Exceptions->errorHandler(2, 'Undefined variable $ERERER', 'C:\\xampp\\htdocs\\codeigniter\\app\\Controllers\\SignupController.php', 22)
 2 SYSTEMPATH\CodeIgniter.php(919): App\Controllers\SignupController->index()
 3 SYSTEMPATH\CodeIgniter.php(494): CodeIgniter\CodeIgniter->runController(Object(App\Controllers\SignupController))
 4 SYSTEMPATH\CodeIgniter.php(353): CodeIgniter\CodeIgniter->handleRequest(null, Object(Config\Cache), false)
 5 FCPATH\index.php(79): CodeIgniter\CodeIgniter->run()
 6 SYSTEMPATH\Commands\Server\rewrite.php(47): require_once('C:\\xampp\\htdocs\\codeigniter\\public\\index.php')
CRITICAL - 2023-10-17 09:55:40 --> Undefined variable $SASASA
in APPPATH\Controllers\SignupController.php on line 22.
 1 APPPATH\Controllers\SignupController.php(22): CodeIgniter\Debug\Exceptions->errorHandler(2, 'Undefined variable $SASASA', 'C:\\xampp\\htdocs\\codeigniter\\app\\Controllers\\SignupController.php', 22)
 2 SYSTEMPATH\CodeIgniter.php(919): App\Controllers\SignupController->index()
 3 SYSTEMPATH\CodeIgniter.php(494): CodeIgniter\CodeIgniter->runController(Object(App\Controllers\SignupController))
 4 SYSTEMPATH\CodeIgniter.php(353): CodeIgniter\CodeIgniter->handleRequest(null, Object(Config\Cache), false)
 5 FCPATH\index.php(79): CodeIgniter\CodeIgniter->run()
 6 SYSTEMPATH\Commands\Server\rewrite.php(47): require_once('C:\\xampp\\htdocs\\codeigniter\\public\\index.php')
CRITICAL - 2023-10-17 09:56:27 --> Class "App\Controllers\App\Models\UserModel" not found
in APPPATH\Controllers\SignupController.php on line 17.
 1 SYSTEMPATH\CodeIgniter.php(919): App\Controllers\SignupController->index()
 2 SYSTEMPATH\CodeIgniter.php(494): CodeIgniter\CodeIgniter->runController(Object(App\Controllers\SignupController))
 3 SYSTEMPATH\CodeIgniter.php(353): CodeIgniter\CodeIgniter->handleRequest(null, Object(Config\Cache), false)
 4 FCPATH\index.php(79): CodeIgniter\CodeIgniter->run()
 5 SYSTEMPATH\Commands\Server\rewrite.php(47): require_once('C:\\xampp\\htdocs\\codeigniter\\public\\index.php')
CRITICAL - 2023-10-17 09:56:48 --> Class "App\Controllers\App\Models\UserModel" not found
in APPPATH\Controllers\SignupController.php on line 17.
 1 SYSTEMPATH\CodeIgniter.php(919): App\Controllers\SignupController->index()
 2 SYSTEMPATH\CodeIgniter.php(494): CodeIgniter\CodeIgniter->runController(Object(App\Controllers\SignupController))
 3 SYSTEMPATH\CodeIgniter.php(353): CodeIgniter\CodeIgniter->handleRequest(null, Object(Config\Cache), false)
 4 FCPATH\index.php(79): CodeIgniter\CodeIgniter->run()
 5 SYSTEMPATH\Commands\Server\rewrite.php(47): require_once('C:\\xampp\\htdocs\\codeigniter\\public\\index.php')
CRITICAL - 2023-10-17 09:57:28 --> Class "App\Controllers\App\Models\UserModel" not found
in APPPATH\Controllers\SignupController.php on line 17.
 1 SYSTEMPATH\CodeIgniter.php(919): App\Controllers\SignupController->index()
 2 SYSTEMPATH\CodeIgniter.php(494): CodeIgniter\CodeIgniter->runController(Object(App\Controllers\SignupController))
 3 SYSTEMPATH\CodeIgniter.php(353): CodeIgniter\CodeIgniter->handleRequest(null, Object(Config\Cache), false)
 4 FCPATH\index.php(79): CodeIgniter\CodeIgniter->run()
 5 SYSTEMPATH\Commands\Server\rewrite.php(47): require_once('C:\\xampp\\htdocs\\codeigniter\\public\\index.php')
